<?xml version="1.0" encoding="UTF-8"?>
<testsuite name="agency.TestRentalAgency" tests="19" skipped="0" failures="0" errors="0" timestamp="2021-12-16T12:29:44" hostname="DESKTOP-RL5TT3B" time="0.198">
  <properties/>
  <testcase name="testConstructionOfTooOldVehicle()" classname="agency.TestRentalAgency" time="0.104"/>
  <testcase name="testIsNew()" classname="agency.TestRentalAgency" time="0.005"/>
  <testcase name="testToString()" classname="agency.TestRentalAgency" time="0.019"/>
  <testcase name="testConstructionOfFutureVehicle()" classname="agency.TestRentalAgency" time="0.002"/>
  <testcase name="testConstructionOfTooOldCar()" classname="agency.TestRentalAgency" time="0.002"/>
  <testcase name="testGetters()" classname="agency.TestRentalAgency" time="0.007"/>
  <testcase name="testConstructionOfVehicleWithNoSeats()" classname="agency.TestRentalAgency" time="0.002"/>
  <testcase name="testThatCarImplementsVehicle()" classname="agency.TestRentalAgency" time="0.001"/>
  <testcase name="testDailyRentalPrice()" classname="agency.TestRentalAgency" time="0.003"/>
  <testcase name="testConstructionOfFutureCar()" classname="agency.TestRentalAgency" time="0.001"/>
  <testcase name="testAddingSameCar()" classname="agency.TestRentalAgency" time="0.002"/>
  <testcase name="testRentingAVehicleNotInTheAgency()" classname="agency.TestRentalAgency" time="0.002"/>
  <testcase name="testSameVehicleRentedTwice()" classname="agency.TestRentalAgency" time="0.002"/>
  <testcase name="testRemovingExistingVehicle()" classname="agency.TestRentalAgency" time="0.014"/>
  <testcase name="testRemovingNonExistingVehicle()" classname="agency.TestRentalAgency" time="0.002"/>
  <testcase name="testRentingVehicles()" classname="agency.TestRentalAgency" time="0.004"/>
  <testcase name="testAddingCars()" classname="agency.TestRentalAgency" time="0.001"/>
  <testcase name="testSameClientRentingSeveralVehicles()" classname="agency.TestRentalAgency" time="0.005"/>
  <testcase name="testSelect()" classname="agency.TestRentalAgency" time="0.002"/>
  <system-out><![CDATA[]]></system-out>
  <system-err><![CDATA[]]></system-err>
</testsuite>
